1675651137916	geckodriver	INFO	Listening on 127.0.0.1:58810
1675651140982	mozrunner::runner	INFO	Running command: "C:\\Program Files\\Mozilla Firefox\\firefox.exe" "--marionette" "--remote-debugging-port" "58811" "--remote-allow-hosts" "localhost" "-no-remote" "-profile" "C:\\Users\\janal\\AppData\\Local\\Temp\\rust_mozprofilemjAlSC"
1675651141349	Marionette	INFO	Marionette enabled
Dynamically enable window occlusion 0
1675651141356	Marionette	INFO	Listening on port 58827
Read port: 58827
WebDriver BiDi listening on ws://127.0.0.1:58811
1675651141503	RemoteAgent	WARN	TLS certificate errors will be ignored for this session
console.warn: SearchSettings: "get: No settings file exists, new profile?" (new NotFoundError("Could not open the file at C:\\Users\\janal\\AppData\\Local\\Temp\\rust_mozprofilemjAlSC\\search.json.mozlz4", (void 0)))
DevTools listening on ws://127.0.0.1:58811/devtools/browser/c1d94fce-3aa7-4ac8-b742-41ee8f47268c
JavaScript warning: https://www.w88asia.com/_static/_script/main.js?0.0.2686, line 1765: unreachable code after return statement
JavaScript warning: https://www.w88asia.com/_static/js/game.launcher.js?0.0.2686, line 197: unreachable code after return statement
JavaScript warning: https://www.w88asia.com/_static/js/game.launcher.js?0.0.2686, line 307: unreachable code after return statement
JavaScript warning: https://www.w88asia.com/_static/js/game.launcher.js?0.0.2686, line 316: unreachable code after return statement
JavaScript warning: https://www.w88asia.com/_static/js/game.launcher.js?0.0.2686, line 326: unreachable code after return statement
JavaScript warning: https://www.w88asia.com/_static/js/game.launcher.js?0.0.2686, line 348: unreachable code after return statement
JavaScript warning: https://www.w88asia.com/_static/js/game.launcher.js?0.0.2686, line 378: unreachable code after return statement
JavaScript warning: https://www.w88asia.com/_static/js/game.launcher.js?0.0.2686, line 388: unreachable code after return statement
JavaScript warning: https://www.w88asia.com/_static/js/game.launcher.js?0.0.2686, line 398: unreachable code after return statement
JavaScript warning: https://www.w88asia.com/_static/js/game.launcher.js?0.0.2686, line 408: unreachable code after return statement
JavaScript warning: https://www.w88asia.com/_static/js/game.launcher.js?0.0.2686, line 418: unreachable code after return statement
JavaScript warning: https://www.w88asia.com/_static/js/game.launcher.js?0.0.2686, line 428: unreachable code after return statement
JavaScript warning: https://www.w88asia.com/_static/js/game.launcher.js?0.0.2686, line 438: unreachable code after return statement
JavaScript warning: https://www.w88asia.com/_static/js/game.launcher.js?0.0.2686, line 448: unreachable code after return statement
JavaScript warning: https://www.w88asia.com/_static/js/game.launcher.js?0.0.2686, line 480: unreachable code after return statement
JavaScript warning: https://www.w88asia.com/_static/js/game.launcher.js?0.0.2686, line 489: unreachable code after return statement
JavaScript warning: https://www.w88asia.com/_static/js/game.launcher.js?0.0.2686, line 515: unreachable code after return statement
JavaScript warning: https://www.w88asia.com/_static/_script/fingerprint2.min.js, line 1: WEBGL_debug_renderer_info is deprecated in Firefox and will be removed. Please use RENDERER.
JavaScript warning: https://www.w88asia.com/_static/_script/fingerprint2.min.js, line 1: WEBGL_debug_renderer_info is deprecated in Firefox and will be removed. Please use RENDERER.
console.warn: LoginRecipes: "Falling back to a synchronous message for: https://www.w88asia.com."
JavaScript warning: https://www.w88asia.com/_static/_script/main.js?0.0.2686, line 1765: unreachable code after return statement
JavaScript warning: https://www.w88asia.com/_static/js/game.launcher.js?0.0.2686, line 197: unreachable code after return statement
JavaScript warning: https://www.w88asia.com/_static/js/game.launcher.js?0.0.2686, line 307: unreachable code after return statement
JavaScript warning: https://www.w88asia.com/_static/js/game.launcher.js?0.0.2686, line 316: unreachable code after return statement
JavaScript warning: https://www.w88asia.com/_static/js/game.launcher.js?0.0.2686, line 326: unreachable code after return statement
JavaScript warning: https://www.w88asia.com/_static/js/game.launcher.js?0.0.2686, line 348: unreachable code after return statement
JavaScript warning: https://www.w88asia.com/_static/js/game.launcher.js?0.0.2686, line 378: unreachable code after return statement
JavaScript warning: https://www.w88asia.com/_static/js/game.launcher.js?0.0.2686, line 388: unreachable code after return statement
JavaScript warning: https://www.w88asia.com/_static/js/game.launcher.js?0.0.2686, line 398: unreachable code after return statement
JavaScript warning: https://www.w88asia.com/_static/js/game.launcher.js?0.0.2686, line 408: unreachable code after return statement
JavaScript warning: https://www.w88asia.com/_static/js/game.launcher.js?0.0.2686, line 418: unreachable code after return statement
JavaScript warning: https://www.w88asia.com/_static/js/game.launcher.js?0.0.2686, line 428: unreachable code after return statement
JavaScript warning: https://www.w88asia.com/_static/js/game.launcher.js?0.0.2686, line 438: unreachable code after return statement
JavaScript warning: https://www.w88asia.com/_static/js/game.launcher.js?0.0.2686, line 448: unreachable code after return statement
JavaScript warning: https://www.w88asia.com/_static/js/game.launcher.js?0.0.2686, line 480: unreachable code after return statement
JavaScript warning: https://www.w88asia.com/_static/js/game.launcher.js?0.0.2686, line 489: unreachable code after return statement
JavaScript warning: https://www.w88asia.com/_static/js/game.launcher.js?0.0.2686, line 515: unreachable code after return statement
JavaScript warning: https://www.w88asia.com/_static/_script/fingerprint2.min.js, line 1: WEBGL_debug_renderer_info is deprecated in Firefox and will be removed. Please use RENDERER.
JavaScript warning: https://www.w88asia.com/_static/_script/fingerprint2.min.js, line 1: WEBGL_debug_renderer_info is deprecated in Firefox and will be removed. Please use RENDERER.
1675651161614	Marionette	INFO	Stopped listening on port 58827
Dynamically enable window occlusion 1
console.warn: TopSitesFeed: Failed to fetch data from Contile server: NetworkError when attempting to fetch resource.
